<html>
<head>
<title>TestNG:  Default test</title>
<link href="../testng.css" rel="stylesheet" type="text/css" />
<link href="../my-testng.css" rel="stylesheet" type="text/css" />

<style type="text/css">
.log { display: none;} 
.stack-trace { display: none;} 
</style>
<script type="text/javascript">
<!--
function flip(e) {
  current = e.style.display;
  if (current == 'block') {
    e.style.display = 'none';
    return 0;
  }
  else {
    e.style.display = 'block';
    return 1;
  }
}

function toggleBox(szDivId, elem, msg1, msg2)
{
  var res = -1;  if (document.getElementById) {
    res = flip(document.getElementById(szDivId));
  }
  else if (document.all) {
    // this is the way old msie versions work
    res = flip(document.all[szDivId]);
  }
  if(elem) {
    if(res == 0) elem.innerHTML = msg1; else elem.innerHTML = msg2;
  }

}

function toggleAllBoxes() {
  if (document.getElementsByTagName) {
    d = document.getElementsByTagName('div');
    for (i = 0; i < d.length; i++) {
      if (d[i].className == 'log') {
        flip(d[i]);
      }
    }
  }
}

// -->
</script>

</head>
<body>
<h2 align='center'>Default test</h2><table border='1' align="center">
<tr>
<td>Tests passed/Failed/Skipped:</td><td>5/2/0</td>
</tr><tr>
<td>Started on:</td><td>Fri Sep 26 13:45:31 CEST 2025</td>
</tr>
<tr><td>Total time:</td><td>37 seconds (37615 ms)</td>
</tr><tr>
<td>Included groups:</td><td></td>
</tr><tr>
<td>Excluded groups:</td><td></td>
</tr>
</table><p/>
<small><i>(Hover the method name to see the test class name)</i></small><p/>
<table width='100%' border='1' class='invocation-failed'>
<tr><td colspan='4' align='center'><b>FAILED TESTS</b></td></tr>
<tr><td><b>Test method</b></td>
<td><b>Attribute(s)</b></td>
<td width="30%"><b>Exception</b></td>
<td width="10%"><b>Time (seconds)</b></td>
<td><b>Instance</b></td>
</tr>
<tr>
<td title='testRunner.MyRunnerTest.runScenario()'><b>runScenario</b><br>Test class: testRunner.MyRunnerTest<br>Test method: Runs Cucumber Scenarios<br>Parameters: "Go to topdeals page and search for the product", "Check if a product is in Topdeals page"</td>
<td><div><pre>java.lang.AssertionError: expected [no data] but found [cucumber]
	at org.testng.Assert.fail(Assert.java:111)
	at org.testng.Assert.failNotEquals(Assert.java:1590)
	at org.testng.Assert.assertEqualsImpl(Assert.java:150)
	at org.testng.Assert.assertEquals(Assert.java:132)
	at org.testng.Assert.assertEquals(Assert.java:656)
	at org.testng.Assert.assertEquals(Assert.java:666)
	at stepDefinitions.TopDeals.check_if_element_exist(TopDeals.java:38)
	at ✽.Check if element exist(file:///C:/Users/yadhu/eclipse-workspace/MyTest/GreenKart/src/test/resources/FeatureFiles/checkTopDeals.feature:8)
</pre></div><a href='#' onClick='toggleBox("stack-trace95235822", this, "Click to show all stack frames", "Click to hide stack frames")'>Click to show all stack frames</a>
<div class='stack-trace' id='stack-trace95235822'><pre>java.lang.AssertionError: expected [no data] but found [cucumber]
	at org.testng.Assert.fail(Assert.java:111)
	at org.testng.Assert.failNotEquals(Assert.java:1590)
	at org.testng.Assert.assertEqualsImpl(Assert.java:150)
	at org.testng.Assert.assertEquals(Assert.java:132)
	at org.testng.Assert.assertEquals(Assert.java:656)
	at org.testng.Assert.assertEquals(Assert.java:666)
	at stepDefinitions.TopDeals.check_if_element_exist(TopDeals.java:38)
	at ✽.Check if element exist(file:///C:/Users/yadhu/eclipse-workspace/MyTest/GreenKart/src/test/resources/FeatureFiles/checkTopDeals.feature:8)
</pre></div></td>
<td>24</td>
<td>testRunner.MyRunnerTest@6f45df59</td></tr>
<tr>
<td title='testRunner.MyRunnerTest.runScenario()'><b>runScenario</b><br>Test class: testRunner.MyRunnerTest<br>Test method: Runs Cucumber Scenarios<br>Parameters: "Go to topdeals page and search for the product", "Check if a product is in Topdeals page"</td>
<td><div><pre>java.lang.AssertionError: expected [no data] but found [mushroom]
	at org.testng.Assert.fail(Assert.java:111)
	at org.testng.Assert.failNotEquals(Assert.java:1590)
	at org.testng.Assert.assertEqualsImpl(Assert.java:150)
	at org.testng.Assert.assertEquals(Assert.java:132)
	at org.testng.Assert.assertEquals(Assert.java:656)
	at org.testng.Assert.assertEquals(Assert.java:666)
	at stepDefinitions.TopDeals.check_if_element_exist(TopDeals.java:38)
	at ✽.Check if element exist(file:///C:/Users/yadhu/eclipse-workspace/MyTest/GreenKart/src/test/resources/FeatureFiles/checkTopDeals.feature:8)
</pre></div><a href='#' onClick='toggleBox("stack-trace356720475", this, "Click to show all stack frames", "Click to hide stack frames")'>Click to show all stack frames</a>
<div class='stack-trace' id='stack-trace356720475'><pre>java.lang.AssertionError: expected [no data] but found [mushroom]
	at org.testng.Assert.fail(Assert.java:111)
	at org.testng.Assert.failNotEquals(Assert.java:1590)
	at org.testng.Assert.assertEqualsImpl(Assert.java:150)
	at org.testng.Assert.assertEquals(Assert.java:132)
	at org.testng.Assert.assertEquals(Assert.java:656)
	at org.testng.Assert.assertEquals(Assert.java:666)
	at stepDefinitions.TopDeals.check_if_element_exist(TopDeals.java:38)
	at ✽.Check if element exist(file:///C:/Users/yadhu/eclipse-workspace/MyTest/GreenKart/src/test/resources/FeatureFiles/checkTopDeals.feature:8)
</pre></div></td>
<td>30</td>
<td>testRunner.MyRunnerTest@6f45df59</td></tr>
</table><p>
<table width='100%' border='1' class='invocation-passed'>
<tr><td colspan='4' align='center'><b>PASSED TESTS</b></td></tr>
<tr><td><b>Test method</b></td>
<td><b>Attribute(s)</b></td>
<td width="30%"><b>Exception</b></td>
<td width="10%"><b>Time (seconds)</b></td>
<td><b>Instance</b></td>
</tr>
<tr>
<td title='testRunner.MyRunnerTest.runScenario()'><b>runScenario</b><br>Test class: testRunner.MyRunnerTest<br>Test method: Runs Cucumber Scenarios<br>Parameters: "Go to topdeals page and search for the product", "Check if a product is in Topdeals page"</td>
<td></td>
<td>35</td>
<td>testRunner.MyRunnerTest@6f45df59</td></tr>
<tr>
<td title='testRunner.MyRunnerTest.runScenario()'><b>runScenario</b><br>Test class: testRunner.MyRunnerTest<br>Test method: Runs Cucumber Scenarios<br>Parameters: "Go to topdeals page and search for the product", "Check if a product is in Topdeals page"</td>
<td></td>
<td>14</td>
<td>testRunner.MyRunnerTest@6f45df59</td></tr>
<tr>
<td title='testRunner.MyRunnerTest.runScenario()'><b>runScenario</b><br>Test class: testRunner.MyRunnerTest<br>Test method: Runs Cucumber Scenarios<br>Parameters: "Go to topdeals page and search for the product", "Check if a product is in Topdeals page"</td>
<td></td>
<td>13</td>
<td>testRunner.MyRunnerTest@6f45df59</td></tr>
<tr>
<td title='testRunner.MyRunnerTest.runScenario()'><b>runScenario</b><br>Test class: testRunner.MyRunnerTest<br>Test method: Runs Cucumber Scenarios<br>Parameters: "Go to topdeals page and search for the product", "Check if a product is in Topdeals page"</td>
<td></td>
<td>33</td>
<td>testRunner.MyRunnerTest@6f45df59</td></tr>
<tr>
<td title='testRunner.MyRunnerTest.runScenario()'><b>runScenario</b><br>Test class: testRunner.MyRunnerTest<br>Test method: Runs Cucumber Scenarios<br>Parameters: "Search for a product and add to cart", "choose a product and add it to the cart"</td>
<td></td>
<td>29</td>
<td>testRunner.MyRunnerTest@6f45df59</td></tr>
</table><p>
</body>
</html>